[2026-04-21T16:54:31.727] [DEBUG] debug-file - env: nodejsVersion=v18.20.1
[2026-04-21T16:54:32.096] [DEBUG] debug-file - Hvigor init with startParameters:{
  hvigorfileTypeCheck: false,
  parallelExecution: true,
  incrementalExecution: true,
  printStackTrace: false,
  daemon: false,
  analyze: 0,
  logLevel: Level { level: 20000, levelStr: 'INFO', colour: 'green' },
  optimizationStrategy: 'memory',
  hotCompile: undefined,
  hotReloadBuild: undefined,
  customizedParam: undefined
}
[2026-04-21T16:54:34.001] [DEBUG] debug-file - hvigorfile, require result:  { default: { system: [Function: appTasks], plugins: [] } }
[2026-04-21T16:54:34.003] [DEBUG] debug-file - Starting plugin build process
[2026-04-21T16:54:34.173] [DEBUG] debug-file - App plugin register hook start...
[2026-04-21T16:54:34.176] [DEBUG] debug-file - Start initialize project's product build option map with build mode debug.
[2026-04-21T16:54:34.190] [DEBUG] debug-file - Start recording SDK configuration permission data.
[2026-04-21T16:54:34.180] [DEBUG] debug-file - Obtain build option for product 'default'in this build.
[2026-04-21T16:54:34.239] [DEBUG] debug-file - Project task initialization takes 11 ms 
[2026-04-21T16:54:34.249] [DEBUG] debug-file - failed to load cangjie to dynamically generate schemas: Error: Cannot find module '@ohos/cangjie-build-support/index'
Require stack:
- F:\Study\kaiyuan\DevEco Studio\tools\hvigor\hvigor-ohos-plugin\src\plugin\hooks\cangjie-register.js
- F:\Study\kaiyuan\DevEco Studio\tools\hvigor\hvigor-ohos-plugin\src\plugin\strategy\stage-init-strategy.js
- F:\Study\kaiyuan\DevEco Studio\tools\hvigor\hvigor-ohos-plugin\src\plugin\builder\abstract-plugin-builder.js
- F:\Study\kaiyuan\DevEco Studio\tools\hvigor\hvigor-ohos-plugin\src\plugin\builder\app-plugin-builder.js
- F:\Study\kaiyuan\DevEco Studio\tools\hvigor\hvigor-ohos-plugin\src\plugin\factory\plugin-factory.js
- F:\Study\kaiyuan\DevEco Studio\tools\hvigor\hvigor-ohos-plugin\index.js
- F:\Study\kaiyuan\clone\page-redirection-master\hvigorfile.ts
- F:\Study\kaiyuan\DevEco Studio\tools\hvigor\hvigor\src\base\internal\lifecycle\configuration.js
- F:\Study\kaiyuan\DevEco Studio\tools\hvigor\hvigor\src\base\boot\index.js
- F:\Study\kaiyuan\DevEco Studio\tools\hvigor\hvigor\src\cli\main\cli.js
- F:\Study\kaiyuan\DevEco Studio\tools\hvigor\hvigor\bin\hvigor.js
[2026-04-21T16:54:34.275] [DEBUG] debug-file - project has submodules:entry
[2026-04-21T16:54:34.276] [DEBUG] debug-file - start to load updatedOhPackageInfo to the disk
[2026-04-21T16:54:34.267] [DEBUG] debug-file - Start initialize module-target build option map, moduleName=entry, buildMode=debug
[2026-04-21T16:54:34.294] [DEBUG] debug-file - entry : clean cost memory 0.11183929443359375
[2026-04-21T16:54:31.728] [DEBUG] debug-file - env: hvigor-config.json5 content = { modelVersion: '5.0.0', dependencies: {} }
[2026-04-21T16:54:34.284] [DEBUG] debug-file - Start to initialize dependency information.
[2026-04-21T16:54:34.315] [DEBUG] debug-file - Create  resident worker with id: 0.
[2026-04-21T16:54:32.096] [DEBUG] debug-file - Since current hvigor version 6.22.4 differs from last hvigor version 
      undefined, delete file-cache.json and task-cache.json.
[2026-04-21T16:54:34.002] [DEBUG] debug-file - hvigorfile, binding system plugins [Function: appTasks]
[2026-04-21T16:54:34.003] [DEBUG] debug-file - App plugin prepare start...
[2026-04-21T16:54:34.174] [DEBUG] debug-file - App plugin register hook end...
[2026-04-21T16:54:34.176] [DEBUG] debug-file - Picking option from product 'default' with build mode 'debug'.
[2026-04-21T16:54:34.226] [DEBUG] debug-file - Sdk init in 45 ms 
[2026-04-21T16:54:34.181] [DEBUG] debug-file - No signingConfig found, initRemoteHspCache failed.
[2026-04-21T16:54:34.239] [DEBUG] debug-file - hvigorfile, binding custom plugins []
[2026-04-21T16:54:34.279] [DEBUG] debug-file - load to the disk finished
[2026-04-21T16:54:34.267] [DEBUG] debug-file - Target 'default' config initialized
[2026-04-21T16:54:34.294] [DEBUG] debug-file - runTaskFromQueue task cost before running: 2 s 206 ms 
[2026-04-21T16:54:31.730] [DEBUG] debug-file - env: daemon=false
[2026-04-21T16:54:34.288] [DEBUG] debug-file - Module entry Collected Dependency: 
[2026-04-21T16:54:34.317] [DEBUG] debug-file - Create  resident worker with id: 1.
[2026-04-21T16:54:32.096] [DEBUG] debug-file - Cache service initialization finished in 1 ms 
[2026-04-21T16:54:34.003] [DEBUG] debug-file - App plugin prepare end...
[2026-04-21T16:54:34.174] [DEBUG] debug-file - Plugin build process completed
[2026-04-21T16:54:34.176] [DEBUG] debug-file - Product 'default' build option initialized
[2026-04-21T16:54:34.183] [DEBUG] debug-file - Local scan or download HarmonyOS sdk components toolchains,ets,js,native,previewer
[2026-04-21T16:54:34.239] [DEBUG] debug-file - hvigorfile, no custom plugins were found in F:\Study\kaiyuan\clone\page-redirection-master\hvigorfile.ts
[2026-04-21T16:54:34.280] [DEBUG] debug-file - Start to initialize dependency information.
[2026-04-21T16:54:34.268] [DEBUG] debug-file - Module 'entry' target 'default' build option initialized
[2026-04-21T16:54:34.295] [INFO] debug-file - Finished :entry:clean... after 2 ms 
[2026-04-21T16:54:34.288] [DEBUG] debug-file - Module entry's total dependency: 0
[2026-04-21T16:54:31.730] [DEBUG] debug-file - no-daemon, use the parent process.execArgv --max-old-space-size=8192,--max-semi-space-size=16,--expose-gc
[2026-04-21T16:54:32.098] [DEBUG] debug-file - hvigorfile, resolving F:\Study\kaiyuan\clone\page-redirection-master\hvigorfile.ts
[2026-04-21T16:54:34.318] [DEBUG] debug-file - Current worker pool is stopped or closed.
[2026-04-21T16:54:34.003] [DEBUG] debug-file - App plugin creating...
[2026-04-21T16:54:34.176] [DEBUG] debug-file - End initialize project's product build option map with build mode 'debug'.
[2026-04-21T16:54:34.186] [DEBUG] debug-file - Local scan or download hmscore sdk components toolchains,ets,native
[2026-04-21T16:54:34.239] [DEBUG] debug-file - hvigorfile, resolve finished F:\Study\kaiyuan\clone\page-redirection-master\hvigorfile.ts
[2026-04-21T16:54:34.268] [DEBUG] debug-file - End initialize module-target build option map, moduleName=entry
[2026-04-21T16:54:34.283] [DEBUG] debug-file - Module page-redirection-master Collected Dependency: 
[2026-04-21T16:54:34.295] [DEBUG] debug-file - Executing task ::clean
[2026-04-21T16:54:34.291] [DEBUG] debug-file - Configuration phase cost:2 s 194 ms 
[2026-04-21T16:54:34.318] [DEBUG] debug-file - Clear worker 0.
[2026-04-21T16:54:34.240] [DEBUG] debug-file - hvigorfile, resolving F:\Study\kaiyuan\clone\page-redirection-master\entry\hvigorfile.ts
[2026-04-21T16:54:34.268] [DEBUG] debug-file - Start initialize module-target build option map, moduleName=entry, buildMode=release
[2026-04-21T16:54:34.283] [DEBUG] debug-file - Module page-redirection-master's total dependency: 0
[2026-04-21T16:54:34.295] [DEBUG] debug-file - clean: Worker pool is inactive.
[2026-04-21T16:54:34.292] [DEBUG] debug-file - Configuration task cost before running: 2 s 204 ms 
[2026-04-21T16:54:34.319] [DEBUG] debug-file - Worker 0 has been cleared.
[2026-04-21T16:54:34.247] [DEBUG] debug-file - hvigorfile, require result:  { default: { system: [Function: hapTasks], plugins: [] } }
[2026-04-21T16:54:34.268] [DEBUG] debug-file - Target 'default' config initialized
[2026-04-21T16:54:34.296] [DEBUG] debug-file - page-redirection-master : clean cost memory 0.020172119140625
[2026-04-21T16:54:34.293] [DEBUG] debug-file - Executing task :entry:clean
[2026-04-21T16:54:34.319] [DEBUG] debug-file - Current idle worker size: 1.
[2026-04-21T16:54:34.247] [DEBUG] debug-file - hvigorfile, binding system plugins [Function: hapTasks]
[2026-04-21T16:54:34.269] [DEBUG] debug-file - Module 'entry' target 'default' build option initialized
[2026-04-21T16:54:34.296] [DEBUG] debug-file - runTaskFromQueue task cost before running: 2 s 207 ms 
[2026-04-21T16:54:34.319] [DEBUG] debug-file - Current busy worker size: 0.
[2026-04-21T16:54:34.293] [DEBUG] debug-file - clean: Worker pool is inactive.
[2026-04-21T16:54:34.247] [DEBUG] debug-file - Starting plugin build process
[2026-04-21T16:54:34.269] [DEBUG] debug-file - End initialize module-target build option map, moduleName=entry
[2026-04-21T16:54:34.296] [INFO] debug-file - Finished ::clean... after 1 ms 
[2026-04-21T16:54:34.319] [DEBUG] debug-file - Clear worker 1.
[2026-04-21T16:54:34.247] [DEBUG] debug-file - Hap plugin creating...
[2026-04-21T16:54:34.269] [DEBUG] debug-file - Start initialize module-target build option map, moduleName=entry, buildMode=debug
[2026-04-21T16:54:34.296] [DEBUG] debug-file - Executing task :entry:init
[2026-04-21T16:54:34.319] [DEBUG] debug-file - Worker 1 has been cleared.
[2026-04-21T16:54:34.269] [DEBUG] debug-file - Target 'default' config initialized
[2026-04-21T16:54:34.296] [DEBUG] debug-file - entry : init cost memory 0.01263427734375
[2026-04-21T16:54:34.319] [DEBUG] debug-file - Current idle worker size: 0.
[2026-04-21T16:54:34.319] [DEBUG] debug-file - Current busy worker size: 0.
[2026-04-21T16:54:34.296] [DEBUG] debug-file - runTaskFromQueue task cost before running: 2 s 208 ms 
[2026-04-21T16:54:34.269] [DEBUG] debug-file - Module 'entry' target 'default' build option initialized
[2026-04-21T16:54:34.319] [DEBUG] debug-file - hvigor build process will be closed.
[2026-04-21T16:54:34.296] [INFO] debug-file - Finished :entry:init... after 1 ms 
[2026-04-21T16:54:34.269] [DEBUG] debug-file - End initialize module-target build option map, moduleName=entry
[2026-04-21T16:54:34.324] [DEBUG] debug-file - worker[0] exits with exit code 0.
[2026-04-21T16:54:34.296] [DEBUG] debug-file - Executing task ::init
[2026-04-21T16:54:34.269] [DEBUG] debug-file - Obtain build option for module 'entry' target 'default'in this build.
[2026-04-21T16:54:34.324] [DEBUG] debug-file - worker[1] exits with exit code 0.
[2026-04-21T16:54:34.296] [DEBUG] debug-file - page-redirection-master : init cost memory 0.01141357421875
[2026-04-21T16:54:34.273] [DEBUG] debug-file - Module entry task initialization takes 4 ms 
[2026-04-21T16:54:34.327] [DEBUG] debug-file - Current worker pool is terminated.
[2026-04-21T16:54:34.296] [DEBUG] debug-file - runTaskFromQueue task cost before running: 2 s 208 ms 
[2026-04-21T16:54:34.273] [DEBUG] debug-file - Hap plugin register hook start...
[2026-04-21T16:54:34.296] [INFO] debug-file - Finished ::init... after 1 ms 
[2026-04-21T16:54:34.273] [DEBUG] debug-file - Hap plugin register hook end...
[2026-04-21T16:54:34.305] [DEBUG] debug-file - Obtain build option for module 'entry' target 'default'in this build.
[2026-04-21T16:54:34.273] [DEBUG] debug-file - Plugin build process completed
[2026-04-21T16:54:34.311] [DEBUG] debug-file - Since there is no instance or instance is terminated, create a new worker pool.
[2026-04-21T16:54:34.273] [DEBUG] debug-file - hvigorfile, binding custom plugins []
[2026-04-21T16:54:34.312] [DEBUG] debug-file - Worker pool is initialized with config:  {
  minPoolNum: 2,
  maxPoolNum: undefined,
  maxCoreSize: undefined,
  cacheCapacity: undefined,
  cacheTtl: undefined
}
[2026-04-21T16:54:34.273] [DEBUG] debug-file - hvigorfile, no custom plugins were found in F:\Study\kaiyuan\clone\page-redirection-master\entry\hvigorfile.ts
[2026-04-21T16:54:34.273] [DEBUG] debug-file - hvigorfile, resolve finished F:\Study\kaiyuan\clone\page-redirection-master\entry\hvigorfile.ts
[2026-04-21T16:54:41.614] [DEBUG] debug-file - env: nodejsVersion=v18.20.1
[2026-04-21T16:54:41.662] [DEBUG] debug-file - env: daemon=true
[2026-04-21T16:54:41.615] [DEBUG] debug-file - env: hvigor-config.json5 content = { modelVersion: '5.0.0', dependencies: {} }
[2026-04-21T16:54:42.347] [DEBUG] debug-file - java daemon tryConnect failed Error: connect ECONNREFUSED 127.0.0.1:45050
[2026-04-21T16:54:42.352] [DEBUG] debug-file - java daemon started at port 45050 pid 8588
[2026-04-21T16:54:42.387] [DEBUG] debug-file - session manager: set active socket. socketId=eGvTOhwN1qLwlJTXAAAB
[2026-04-21T16:54:43.192] [DEBUG] debug-file - watch worker: worker id should be larger than 0. Nothing will be sent to any worker thread.
[2026-04-21T16:54:43.195] [DEBUG] debug-file - Since there is no instance or instance is terminated, create a new worker pool.
[2026-04-21T16:54:43.195] [DEBUG] debug-file - Worker pool is initialized with config:  {
  minPoolNum: 2,
  maxPoolNum: undefined,
  maxCoreSize: undefined,
  cacheCapacity: undefined,
  cacheTtl: undefined
}
[2026-04-21T16:54:43.196] [DEBUG] debug-file - Create  resident worker with id: 0.
[2026-04-21T16:54:43.198] [DEBUG] debug-file - Create  resident worker with id: 1.
[2026-04-21T16:54:43.200] [DEBUG] debug-file - Workers' log level updated to INFO
[2026-04-21T16:54:43.206] [DEBUG] debug-file - Hvigor init with startParameters:{
  hvigorfileTypeCheck: false,
  parallelExecution: true,
  incrementalExecution: true,
  printStackTrace: false,
  daemon: true,
  analyze: 0,
  logLevel: Level { level: 20000, levelStr: 'INFO', colour: 'green' },
  optimizationStrategy: 'memory',
  hotCompile: undefined,
  hotReloadBuild: undefined,
  customizedParam: undefined
}
[2026-04-21T16:54:43.206] [DEBUG] debug-file - Cache service initialization finished in 1 ms 
[2026-04-21T16:54:43.208] [DEBUG] debug-file - hvigorfile, resolving F:\Study\kaiyuan\clone\page-redirection-master\hvigorfile.ts
[2026-04-21T16:54:45.017] [DEBUG] debug-file - hvigorfile, require result:  { default: { plugins: [] } }
[2026-04-21T16:54:45.017] [DEBUG] debug-file - hvigorfile, binding system plugins null
[2026-04-21T16:54:45.017] [DEBUG] debug-file - Starting plugin build process
[2026-04-21T16:54:45.017] [DEBUG] debug-file - App plugin prepare start...
[2026-04-21T16:54:45.017] [DEBUG] debug-file - App plugin prepare end...
[2026-04-21T16:54:45.018] [DEBUG] debug-file - App plugin creating...
[2026-04-21T16:54:45.168] [DEBUG] debug-file - App plugin register hook start...
[2026-04-21T16:54:45.169] [DEBUG] debug-file - App plugin register hook end...
[2026-04-21T16:54:45.169] [DEBUG] debug-file - Plugin build process completed
[2026-04-21T16:54:45.170] [DEBUG] debug-file - Start initialize project's product build option map with build mode debug.
[2026-04-21T16:54:45.170] [DEBUG] debug-file - Picking option from product 'default' with build mode 'debug'.
[2026-04-21T16:54:45.170] [DEBUG] debug-file - Product 'default' build option initialized
[2026-04-21T16:54:45.170] [DEBUG] debug-file - End initialize project's product build option map with build mode 'debug'.
[2026-04-21T16:54:45.172] [DEBUG] debug-file - Obtain build option for product 'default'in this build.
[2026-04-21T16:54:45.173] [DEBUG] debug-file - No signingConfig found, initRemoteHspCache failed.
[2026-04-21T16:54:45.175] [DEBUG] debug-file - Local scan or download HarmonyOS sdk components toolchains,ets,js,native,previewer
[2026-04-21T16:54:45.177] [DEBUG] debug-file - Local scan or download hmscore sdk components toolchains,ets,native
[2026-04-21T16:54:45.179] [DEBUG] debug-file - Start recording SDK configuration permission data.
[2026-04-21T16:54:45.208] [DEBUG] debug-file - Sdk init in 34 ms 
[2026-04-21T16:54:45.212] [DEBUG] debug-file - Project task initialization takes 4 ms 
[2026-04-21T16:54:45.212] [DEBUG] debug-file - hvigorfile, binding custom plugins []
[2026-04-21T16:54:45.212] [DEBUG] debug-file - hvigorfile, no custom plugins were found in F:\Study\kaiyuan\clone\page-redirection-master\hvigorfile.ts
[2026-04-21T16:54:45.212] [DEBUG] debug-file - hvigorfile, resolve finished F:\Study\kaiyuan\clone\page-redirection-master\hvigorfile.ts
[2026-04-21T16:54:45.213] [DEBUG] debug-file - hvigorfile, resolving F:\Study\kaiyuan\clone\page-redirection-master\entry\hvigorfile.ts
[2026-04-21T16:54:45.219] [DEBUG] debug-file - hvigorfile, require result:  { default: { plugins: [] } }
[2026-04-21T16:54:45.219] [DEBUG] debug-file - hvigorfile, binding system plugins null
[2026-04-21T16:54:45.219] [DEBUG] debug-file - Starting plugin build process
[2026-04-21T16:54:45.219] [DEBUG] debug-file - Hap plugin creating...
[2026-04-21T16:54:45.221] [DEBUG] debug-file - failed to load cangjie to dynamically generate schemas: Error: Cannot find module '@ohos/cangjie-build-support/index'
Require stack:
- F:\Study\kaiyuan\DevEco Studio\tools\hvigor\hvigor-ohos-plugin\src\plugin\hooks\cangjie-register.js
- F:\Study\kaiyuan\DevEco Studio\tools\hvigor\hvigor-ohos-plugin\src\plugin\strategy\stage-init-strategy.js
- F:\Study\kaiyuan\DevEco Studio\tools\hvigor\hvigor-ohos-plugin\src\plugin\builder\abstract-plugin-builder.js
- F:\Study\kaiyuan\DevEco Studio\tools\hvigor\hvigor-ohos-plugin\src\plugin\builder\app-plugin-builder.js
- F:\Study\kaiyuan\DevEco Studio\tools\hvigor\hvigor-ohos-plugin\src\plugin\factory\plugin-factory.js
- F:\Study\kaiyuan\DevEco Studio\tools\hvigor\hvigor-ohos-plugin\index.js
- F:\Study\kaiyuan\clone\page-redirection-master\hvigorfile.ts
- F:\Study\kaiyuan\DevEco Studio\tools\hvigor\hvigor\src\base\internal\lifecycle\configuration.js
- F:\Study\kaiyuan\DevEco Studio\tools\hvigor\hvigor\src\base\boot\index.js
- F:\Study\kaiyuan\DevEco Studio\tools\hvigor\hvigor\src\base\daemon\cluster\worker-process-lifecycle.js
- F:\Study\kaiyuan\DevEco Studio\tools\hvigor\hvigor\src\base\daemon\process\daemon-process-boot-script.js
[2026-04-21T16:54:45.233] [DEBUG] debug-file - Start initialize module-target build option map, moduleName=entry, buildMode=debug
[2026-04-21T16:54:45.234] [DEBUG] debug-file - Target 'default' config initialized
[2026-04-21T16:54:45.234] [DEBUG] debug-file - Module 'entry' target 'default' build option initialized
[2026-04-21T16:54:45.234] [DEBUG] debug-file - End initialize module-target build option map, moduleName=entry
[2026-04-21T16:54:45.234] [DEBUG] debug-file - Start initialize module-target build option map, moduleName=entry, buildMode=release
[2026-04-21T16:54:45.234] [DEBUG] debug-file - Target 'default' config initialized
[2026-04-21T16:54:45.235] [DEBUG] debug-file - Module 'entry' target 'default' build option initialized
[2026-04-21T16:54:45.235] [DEBUG] debug-file - End initialize module-target build option map, moduleName=entry
[2026-04-21T16:54:45.235] [DEBUG] debug-file - Start initialize module-target build option map, moduleName=entry, buildMode=debug
[2026-04-21T16:54:45.235] [DEBUG] debug-file - Target 'default' config initialized
[2026-04-21T16:54:45.235] [DEBUG] debug-file - Module 'entry' target 'default' build option initialized
[2026-04-21T16:54:45.235] [DEBUG] debug-file - End initialize module-target build option map, moduleName=entry
[2026-04-21T16:54:45.236] [DEBUG] debug-file - Obtain build option for module 'entry' target 'default'in this build.
[2026-04-21T16:54:45.240] [DEBUG] debug-file - Module entry task initialization takes 4 ms 
[2026-04-21T16:54:45.240] [DEBUG] debug-file - Hap plugin register hook start...
[2026-04-21T16:54:45.240] [DEBUG] debug-file - Hap plugin register hook end...
[2026-04-21T16:54:45.240] [DEBUG] debug-file - Plugin build process completed
[2026-04-21T16:54:45.240] [DEBUG] debug-file - hvigorfile, binding custom plugins []
[2026-04-21T16:54:45.240] [DEBUG] debug-file - hvigorfile, no custom plugins were found in F:\Study\kaiyuan\clone\page-redirection-master\entry\hvigorfile.ts
[2026-04-21T16:54:45.240] [DEBUG] debug-file - hvigorfile, resolve finished F:\Study\kaiyuan\clone\page-redirection-master\entry\hvigorfile.ts
[2026-04-21T16:54:45.257] [DEBUG] debug-file - hvigorfile, resolve hvigorfile dependencies in 16 ms 
[2026-04-21T16:54:45.257] [DEBUG] debug-file - project has submodules:entry
[2026-04-21T16:54:45.258] [DEBUG] debug-file - start to load updatedOhPackageInfo to the disk
[2026-04-21T16:54:45.264] [DEBUG] debug-file - load to the disk finished
[2026-04-21T16:54:45.265] [DEBUG] debug-file - Start to initialize dependency information.
[2026-04-21T16:54:45.267] [DEBUG] debug-file - Module page-redirection-master Collected Dependency: 
[2026-04-21T16:54:45.267] [DEBUG] debug-file - Module page-redirection-master's total dependency: 0
[2026-04-21T16:54:45.268] [DEBUG] debug-file - Start to initialize dependency information.
[2026-04-21T16:54:45.271] [DEBUG] debug-file - Module entry Collected Dependency: 
[2026-04-21T16:54:45.271] [DEBUG] debug-file - Module entry's total dependency: 0
[2026-04-21T16:54:45.274] [DEBUG] debug-file - Configuration phase cost:2 s 68 ms 
[2026-04-21T16:54:45.277] [DEBUG] debug-file - Configuration task cost before running: 2 s 77 ms 
[2026-04-21T16:54:45.283] [DEBUG] debug-file - Executing task :entry:default@PreBuild
[2026-04-21T16:54:45.284] [DEBUG] debug-file - Task 'entry:default@PreBuild' cost while wrapping incremental declarations: 1 ms 
[2026-04-21T16:54:45.402] [DEBUG] debug-file - current product is not Atomic service.
[2026-04-21T16:54:45.402] [DEBUG] debug-file - Use tool [win32: JAVA_HOME, CLASSPATH]
 [
  { JAVA_HOME: 'F:\\Study\\kaiyuan\\DevEco Studio\\jbr' },
  { CLASSPATH: undefined }
]
[2026-04-21T16:54:45.402] [DEBUG] debug-file - Use tool [win32: NODE_HOME]
 [ { NODE_HOME: 'F:\\Study\\kaiyuan\\DevEco Studio\\tools\\node' } ]
[2026-04-21T16:54:45.403] [DEBUG] debug-file - entry : default@PreBuild cost memory 6.0305938720703125
[2026-04-21T16:54:45.404] [DEBUG] debug-file - runTaskFromQueue task cost before running: 2 s 204 ms 
[2026-04-21T16:54:45.406] [INFO] debug-file - Finished :entry:default@PreBuild... after 121 ms 
[2026-04-21T16:54:45.407] [DEBUG] debug-file - Executing task :entry:default@CreateModuleInfo
[2026-04-21T16:54:45.407] [DEBUG] debug-file - Task 'entry:default@CreateModuleInfo' cost while wrapping incremental declarations: 1 ms 
[2026-04-21T16:54:45.408] [DEBUG] debug-file - entry : default@CreateModuleInfo cost memory 0.04291534423828125
[2026-04-21T16:54:45.408] [DEBUG] debug-file - runTaskFromQueue task cost before running: 2 s 208 ms 
[2026-04-21T16:54:45.408] [INFO] debug-file - Finished :entry:default@CreateModuleInfo... after 1 ms 
[2026-04-21T16:54:45.409] [DEBUG] debug-file - Executing task :entry:default@GenerateMetadata
[2026-04-21T16:54:45.410] [DEBUG] debug-file - Task 'entry:default@GenerateMetadata' cost while wrapping incremental declarations: 1 ms 
[2026-04-21T16:54:45.412] [DEBUG] debug-file - entry : default@GenerateMetadata cost memory 0.065826416015625
[2026-04-21T16:54:45.412] [DEBUG] debug-file - runTaskFromQueue task cost before running: 2 s 212 ms 
[2026-04-21T16:54:45.412] [INFO] debug-file - Finished :entry:default@GenerateMetadata... after 4 ms 
[2026-04-21T16:54:45.413] [DEBUG] debug-file - Executing task :entry:default@ConfigureCmake
[2026-04-21T16:54:45.413] [DEBUG] debug-file - entry : default@ConfigureCmake cost memory 0.0145111083984375
[2026-04-21T16:54:45.414] [DEBUG] debug-file - runTaskFromQueue task cost before running: 2 s 214 ms 
[2026-04-21T16:54:45.414] [INFO] debug-file - Finished :entry:default@ConfigureCmake... after 1 ms 
[2026-04-21T16:54:45.415] [DEBUG] debug-file - Executing task :entry:default@MergeProfile
[2026-04-21T16:54:45.416] [DEBUG] debug-file - Task 'entry:default@MergeProfile' cost while wrapping incremental declarations: 1 ms 
[2026-04-21T16:54:45.417] [DEBUG] debug-file - Change app api release type with 'Release'
[2026-04-21T16:54:45.417] [DEBUG] debug-file - Change app compile API version with '6.0.2.130'
[2026-04-21T16:54:45.417] [DEBUG] debug-file - Change app target API version with '50005017'
[2026-04-21T16:54:45.417] [DEBUG] debug-file - Change app minimum API version with '50005017'
[2026-04-21T16:54:45.417] [DEBUG] debug-file - Use cli appEnvironment
[2026-04-21T16:54:45.419] [DEBUG] debug-file - entry : default@MergeProfile cost memory 0.1481475830078125
[2026-04-21T16:54:45.419] [DEBUG] debug-file - runTaskFromQueue task cost before running: 2 s 219 ms 
[2026-04-21T16:54:45.419] [INFO] debug-file - Finished :entry:default@MergeProfile... after 5 ms 
[2026-04-21T16:54:45.421] [DEBUG] debug-file - Executing task :entry:default@CreateBuildProfile
[2026-04-21T16:54:45.421] [DEBUG] debug-file - Task 'entry:default@CreateBuildProfile' cost while wrapping incremental declarations: 1 ms 
[2026-04-21T16:54:45.423] [DEBUG] debug-file - entry : default@CreateBuildProfile cost memory 0.0686187744140625
[2026-04-21T16:54:45.423] [DEBUG] debug-file - runTaskFromQueue task cost before running: 2 s 224 ms 
[2026-04-21T16:54:45.423] [INFO] debug-file - Finished :entry:default@CreateBuildProfile... after 3 ms 
[2026-04-21T16:54:45.425] [DEBUG] debug-file - Executing task :entry:default@PreCheckSyscap
[2026-04-21T16:54:45.425] [DEBUG] debug-file - entry : default@PreCheckSyscap cost memory 0.01474761962890625
[2026-04-21T16:54:45.425] [DEBUG] debug-file - runTaskFromQueue task cost before running: 2 s 225 ms 
[2026-04-21T16:54:45.425] [INFO] debug-file - Finished :entry:default@PreCheckSyscap... after 1 ms 
[2026-04-21T16:54:45.427] [DEBUG] debug-file - Executing task :entry:default@GeneratePkgContextInfo
[2026-04-21T16:54:45.435] [DEBUG] debug-file - Task 'entry:default@GeneratePkgContextInfo' cost while wrapping incremental declarations: 1 ms 
[2026-04-21T16:54:45.436] [DEBUG] debug-file - entry : default@GeneratePkgContextInfo cost memory 0.4103851318359375
[2026-04-21T16:54:45.436] [DEBUG] debug-file - runTaskFromQueue task cost before running: 2 s 236 ms 
[2026-04-21T16:54:45.436] [INFO] debug-file - Finished :entry:default@GeneratePkgContextInfo... after 9 ms 
[2026-04-21T16:54:45.439] [DEBUG] debug-file - Executing task :entry:default@ProcessIntegratedHsp
[2026-04-21T16:54:45.439] [DEBUG] debug-file - entry : default@ProcessIntegratedHsp cost memory 0.0304412841796875
[2026-04-21T16:54:45.440] [DEBUG] debug-file - runTaskFromQueue task cost before running: 2 s 240 ms 
[2026-04-21T16:54:45.440] [INFO] debug-file - Finished :entry:default@ProcessIntegratedHsp... after 1 ms 
[2026-04-21T16:54:45.441] [DEBUG] debug-file - Executing task :entry:default@BuildNativeWithCmake
[2026-04-21T16:54:45.441] [DEBUG] debug-file - entry : default@BuildNativeWithCmake cost memory 0.0149078369140625
[2026-04-21T16:54:45.441] [DEBUG] debug-file - runTaskFromQueue task cost before running: 2 s 242 ms 
[2026-04-21T16:54:45.442] [INFO] debug-file - Finished :entry:default@BuildNativeWithCmake... after 1 ms 
[2026-04-21T16:54:45.443] [DEBUG] debug-file - Executing task :entry:default@MakePackInfo
[2026-04-21T16:54:45.444] [DEBUG] debug-file - Module Pack Info:  {
  summary: {
    app: { bundleName: 'c***n', bundleType: 'app', version: [Object] },
    modules: [ [Object] ]
  },
  packages: [
    {
      deviceType: [Array],
      moduleType: 'entry',
      deliveryWithInstall: true,
      name: 'entry-default'
    }
  ]
}
[2026-04-21T16:54:45.445] [DEBUG] debug-file - entry : default@MakePackInfo cost memory 0.102203369140625
[2026-04-21T16:54:45.445] [DEBUG] debug-file - runTaskFromQueue task cost before running: 2 s 246 ms 
[2026-04-21T16:54:45.445] [INFO] debug-file - Finished :entry:default@MakePackInfo... after 3 ms 
[2026-04-21T16:54:45.447] [DEBUG] debug-file - Executing task :entry:default@SyscapTransform
[2026-04-21T16:54:45.447] [DEBUG] debug-file - File: 'F:\Study\kaiyuan\clone\page-redirection-master\entry\src\main\syscap.json' from 'sysCapJsonPath' is not exists, just ignore.
[2026-04-21T16:54:45.447] [DEBUG] debug-file - Task 'entry:default@SyscapTransform' cost while wrapping incremental declarations: 1 ms 
[2026-04-21T16:54:45.448] [DEBUG] debug-file - entry : default@SyscapTransform cost memory 0.28847503662109375
[2026-04-21T16:54:45.448] [DEBUG] debug-file - runTaskFromQueue task cost before running: 2 s 248 ms 
[2026-04-21T16:54:45.448] [INFO] debug-file - Finished :entry:default@SyscapTransform... after 2 ms 
[2026-04-21T16:54:45.450] [DEBUG] debug-file - Executing task :entry:default@ProcessProfile
[2026-04-21T16:54:45.451] [DEBUG] debug-file - Task 'entry:default@ProcessProfile' cost while wrapping incremental declarations: 1 ms 
[2026-04-21T16:54:45.453] [DEBUG] debug-file - [
  'F:\\Study\\kaiyuan\\DevEco Studio\\tools\\node\\node.exe',
  'F:\\Study\\kaiyuan\\DevEco Studio\\sdk\\default\\openharmony\\ets\\build-tools\\ets-loader\\bin\\ark\\ts2abc.js',
  '--target-api-version',
  '17'
]
[2026-04-21T16:54:45.551] [DEBUG] debug-file - 12.0.6.0
[2026-04-21T16:54:45.553] [DEBUG] debug-file - No need to add fake ui ability because of not in preview process.
[2026-04-21T16:54:45.554] [DEBUG] debug-file - entry : default@ProcessProfile cost memory 1.7799835205078125
[2026-04-21T16:54:45.554] [DEBUG] debug-file - runTaskFromQueue task cost before running: 2 s 354 ms 
[2026-04-21T16:54:45.554] [INFO] debug-file - Finished :entry:default@ProcessProfile... after 104 ms 
[2026-04-21T16:54:45.556] [DEBUG] debug-file - Executing task :entry:default@ProcessRouterMap
[2026-04-21T16:54:45.559] [DEBUG] debug-file - entry : default@ProcessRouterMap cost memory 0.08902740478515625
[2026-04-21T16:54:45.559] [DEBUG] debug-file - runTaskFromQueue task cost before running: 2 s 360 ms 
[2026-04-21T16:54:45.560] [INFO] debug-file - Finished :entry:default@ProcessRouterMap... after 4 ms 
[2026-04-21T16:54:45.563] [DEBUG] debug-file - Executing task :entry:default@ProcessShareConfig
[2026-04-21T16:54:45.565] [DEBUG] debug-file - entry : default@ProcessShareConfig cost memory 0.06995391845703125
[2026-04-21T16:54:45.565] [DEBUG] debug-file - runTaskFromQueue task cost before running: 2 s 366 ms 
[2026-04-21T16:54:45.566] [INFO] debug-file - Finished :entry:default@ProcessShareConfig... after 3 ms 
[2026-04-21T16:54:45.567] [DEBUG] debug-file - Executing task :entry:default@ProcessStartupConfig
[2026-04-21T16:54:45.567] [DEBUG] debug-file - Task 'entry:default@ProcessStartupConfig' cost while wrapping incremental declarations: 1 ms 
[2026-04-21T16:54:45.568] [DEBUG] debug-file - entry : default@ProcessStartupConfig cost memory 0.06354522705078125
[2026-04-21T16:54:45.569] [DEBUG] debug-file - runTaskFromQueue task cost before running: 2 s 369 ms 
[2026-04-21T16:54:45.569] [INFO] debug-file - Finished :entry:default@ProcessStartupConfig... after 2 ms 
[2026-04-21T16:54:45.570] [DEBUG] debug-file - Executing task :entry:default@BuildNativeWithNinja
[2026-04-21T16:54:45.571] [DEBUG] debug-file - entry : default@BuildNativeWithNinja cost memory 0.02811431884765625
[2026-04-21T16:54:45.572] [DEBUG] debug-file - runTaskFromQueue task cost before running: 2 s 372 ms 
[2026-04-21T16:54:45.572] [INFO] debug-file - Finished :entry:default@BuildNativeWithNinja... after 2 ms 
[2026-04-21T16:54:45.574] [DEBUG] debug-file - restool module names: entry; moduleName=entry, taskName=default@ProcessResource
[2026-04-21T16:54:45.576] [DEBUG] debug-file - Executing task :entry:default@ProcessResource
[2026-04-21T16:54:45.576] [DEBUG] debug-file - Task 'entry:default@ProcessResource' cost while wrapping incremental declarations: 1 ms 
[2026-04-21T16:54:45.578] [DEBUG] debug-file - entry : default@ProcessResource cost memory 0.12421417236328125
[2026-04-21T16:54:45.579] [DEBUG] debug-file - runTaskFromQueue task cost before running: 2 s 379 ms 
[2026-04-21T16:54:45.580] [INFO] debug-file - Finished :entry:default@ProcessResource... after 4 ms 
[2026-04-21T16:54:45.582] [DEBUG] debug-file - Executing task :entry:default@GenerateLoaderJson
[2026-04-21T16:54:45.583] [DEBUG] debug-file - Task 'entry:default@GenerateLoaderJson' cost while wrapping incremental declarations: 1 ms 
[2026-04-21T16:54:45.594] [DEBUG] debug-file - entry : default@GenerateLoaderJson cost memory 0.5347137451171875
[2026-04-21T16:54:45.594] [DEBUG] debug-file - runTaskFromQueue task cost before running: 2 s 394 ms 
[2026-04-21T16:54:45.597] [INFO] debug-file - Finished :entry:default@GenerateLoaderJson... after 12 ms 
[2026-04-21T16:54:45.599] [DEBUG] debug-file - Executing task :entry:default@ProcessLibs
[2026-04-21T16:54:45.604] [DEBUG] debug-file - Worker dispatch failed, running processLibs on main thread.
[2026-04-21T16:54:45.605] [DEBUG] debug-file - entry : default@ProcessLibs cost memory 0.28912353515625
[2026-04-21T16:54:45.605] [DEBUG] debug-file - runTaskFromQueue task cost before running: 2 s 405 ms 
[2026-04-21T16:54:45.605] [INFO] debug-file - Finished :entry:default@ProcessLibs... after 7 ms 
[2026-04-21T16:54:45.607] [DEBUG] debug-file - restool module names: entry; moduleName=entry, taskName=default@CompileResource
[2026-04-21T16:54:45.608] [DEBUG] debug-file - Executing task :entry:default@CompileResource
[2026-04-21T16:54:45.618] [DEBUG] debug-file - Use tool [F:\Study\kaiyuan\DevEco Studio\sdk\default\openharmony\toolchains\restool.exe]
 [
  'F:\\Study\\kaiyuan\\DevEco Studio\\sdk\\default\\openharmony\\toolchains\\restool.exe',
  '-l',
  'F:\\Study\\kaiyuan\\clone\\page-redirection-master\\entry\\build\\default\\intermediates\\res\\default\\resConfig.json'
]
[2026-04-21T16:54:45.620] [DEBUG] debug-file - current process  memoryUsage: {
  rss: 270352384,
  heapTotal: 169111552,
  heapUsed: 135308880,
  external: 3077963,
  arrayBuffers: 98686
} os memoryUsage :15.138248443603516
[2026-04-21T16:54:45.658] [DEBUG] debug-file - Info: Pack: normal pack mode

[2026-04-21T16:54:45.713] [DEBUG] debug-file - Info: hardware concurrency count is : 32
Info: thread count is : 32

[2026-04-21T16:54:45.714] [DEBUG] debug-file - Info: thread pool is started

[2026-04-21T16:54:45.714] [DEBUG] debug-file - Info: GenericCompiler::CompileFiles

[2026-04-21T16:54:45.721] [DEBUG] debug-file - Info: GenericCompiler::CompileFiles

[2026-04-21T16:54:45.725] [DEBUG] debug-file - Info: GenericCompiler::CompileFiles

[2026-04-21T16:54:45.730] [DEBUG] debug-file - 04-21 16:54:45.731   468 22412 E C01400/ImageTranscoderUtils: DecodeToRGBA IN
04-21 16:54:45.731   468 22412 E C01400/ImageTranscoderUtils: ImageFilter IN F:\Study\kaiyuan\clone\page-redirection-master\AppScope\resources\base\media\app_icon.png

[2026-04-21T16:54:45.731] [DEBUG] debug-file - 04-21 16:54:45.731   468 22412 E C01400/ImageTranscoder: TranscodeSLR Only zoom-out is supported.
Warning: ScaleImage failed, error message: INVALID_PARAMETERS, file path = F:\Study\kaiyuan\clone\page-redirection-master\AppScope\resources\base\media\app_icon.png

[2026-04-21T16:54:45.732] [DEBUG] debug-file - 04-21 16:54:45.732   468 22412 E C01400/ImageTranscoderUtils: DecodeToRGBA IN
04-21 16:54:45.732   468 22412 E C01400/ImageTranscoderUtils: ImageFilter IN F:\Study\kaiyuan\clone\page-redirection-master\entry\src\main\resources\base\media\background.png

[2026-04-21T16:54:45.734] [DEBUG] debug-file - 04-21 16:54:45.734   468 22412 E C01400/ImageTranscoder: TranscodeSLR Only zoom-out is supported.

[2026-04-21T16:54:45.734] [DEBUG] debug-file - Warning: ScaleImage failed, error message: INVALID_PARAMETERS, file path = F:\Study\kaiyuan\clone\page-redirection-master\entry\src\main\resources\base\media\background.png

[2026-04-21T16:54:45.734] [DEBUG] debug-file - 04-21 16:54:45.735   468 22412 E C01400/ImageTranscoderUtils: DecodeToRGBA IN
04-21 16:54:45.735   468 22412 E C01400/ImageTranscoderUtils: ImageFilter IN F:\Study\kaiyuan\clone\page-redirection-master\entry\src\main\resources\base\media\foreground.png

[2026-04-21T16:54:45.735] [DEBUG] debug-file - 04-21 16:54:45.736   468 22412 E C01400/ImageTranscoder: TranscodeSLR Only zoom-out is supported.

[2026-04-21T16:54:45.735] [DEBUG] debug-file - Warning: ScaleImage failed, error message: INVALID_PARAMETERS, file path = F:\Study\kaiyuan\clone\page-redirection-master\entry\src\main\resources\base\media\foreground.png

[2026-04-21T16:54:45.736] [DEBUG] debug-file - Info: can't scale media json file.

[2026-04-21T16:54:45.736] [DEBUG] debug-file - Warning: The width or height of the png file referenced by the icon exceeds the limit (41 pixels)
at F:\Study\kaiyuan\clone\page-redirection-master\entry\src\main\resources\base\media\background.png

[2026-04-21T16:54:45.736] [DEBUG] debug-file - Warning: The width or height of the png file referenced by the icon exceeds the limit (41 pixels)
at F:\Study\kaiyuan\clone\page-redirection-master\entry\src\main\resources\base\media\foreground.png

[2026-04-21T16:54:45.736] [DEBUG] debug-file - Warning: F:\Study\kaiyuan\clone\page-redirection-master\entry\src\main\resources\base\media\layered_image.json is not png format

[2026-04-21T16:54:45.737] [DEBUG] debug-file - Info: restool resources compile success.

[2026-04-21T16:54:45.738] [DEBUG] debug-file - Info: thread pool is stopped

[2026-04-21T16:54:45.796] [DEBUG] debug-file - entry : default@CompileResource cost memory -7.7352294921875
[2026-04-21T16:54:45.797] [DEBUG] debug-file - runTaskFromQueue task cost before running: 2 s 597 ms 
[2026-04-21T16:54:45.798] [INFO] debug-file - Finished :entry:default@CompileResource... after 189 ms 
[2026-04-21T16:54:45.799] [DEBUG] debug-file - Executing task :entry:default@DoNativeStrip
[2026-04-21T16:54:45.799] [DEBUG] debug-file - Task 'entry:default@DoNativeStrip' cost while wrapping incremental declarations: 1 ms 
[2026-04-21T16:54:45.801] [DEBUG] debug-file - entry : default@DoNativeStrip cost memory 0.0602569580078125
[2026-04-21T16:54:45.802] [DEBUG] debug-file - runTaskFromQueue task cost before running: 2 s 602 ms 
[2026-04-21T16:54:45.802] [INFO] debug-file - Finished :entry:default@DoNativeStrip... after 3 ms 
[2026-04-21T16:54:45.804] [DEBUG] debug-file - Executing task :entry:default@CompileArkTS
[2026-04-21T16:54:45.804] [DEBUG] debug-file - obfuscationOptions: undefined
[2026-04-21T16:54:45.806] [DEBUG] debug-file - Task 'entry:default@CompileArkTS' cost while wrapping incremental declarations: 1 ms 
[2026-04-21T16:54:45.821] [DEBUG] debug-file - build config:
[2026-04-21T16:54:45.821] [DEBUG] debug-file - {
  moduleType: 'entry',
  perf: 0,
  targetName: '.default',
  packageManagerType: 'ohpm',
  localPropertiesPath: 'F:\\Study\\kaiyuan\\clone\\page-redirection-master\\local.properties',
  isPreview: false,
  isOhosTest: false,
  isLocalTest: false,
  buildMode: 'Debug',
  hotReloadBuild: undefined,
  watchMode: 'false',
  aceProfilePath: 'F:\\Study\\kaiyuan\\clone\\page-redirection-master\\entry\\build\\default\\intermediates\\res\\default\\resources\\base\\profile',
  etsLoaderPath: 'F:\\Study\\kaiyuan\\DevEco Studio\\sdk\\default\\openharmony\\ets\\build-tools\\ets-loader',
  modulePath: 'F:\\Study\\kaiyuan\\clone\\page-redirection-master\\entry',
  testFrameworkPar: {
    testMode: undefined,
    coveragePathFilter: undefined,
    coverageMode: undefined
  },
  needCoverageInsert: false,
  debugLine: false,
  projectTopDir: 'F:\\Study\\kaiyuan\\clone\\page-redirection-master',
  compileSdkVersion: 22,
  compatibleSdkVersion: 17,
  originCompatibleSdkVersion: '5.0.5(17)',
  compatibleSdkVersionStage: undefined,
  bundleName: 'c***n',
  etsLoaderVersion: '6.0.2.130',
  etsLoaderReleaseType: 'Release',
  aotCompileMode: 'type',
  apPath: 'F:\\Study\\kaiyuan\\clone\\page-redirection-master\\entry\\modules.ap',
  entryModuleName: 'entry',
  entryModuleVersion: '1.0.0',
  entryPackageName: 'entry',
  allModuleNameHash: '280386e896120c7af597154b8c8b24e0b172284ad0a8ccf68acc09d13923f68d',
  externalApiPaths: [ 'F:\\Study\\kaiyuan\\DevEco Studio\\sdk\\default\\hms\\ets' ],
  compilerTypes: [],
  isCrossplatform: false,
  hvigorPluginFile: undefined,
  compilePluginPath: undefined,
  buildGeneratedProfilePath: 'F:\\Study\\kaiyuan\\clone\\page-redirection-master\\entry\\build\\default\\generated\\profile\\default',
  bundleType: 'app',
  arkTSVersion: undefined,
  apiVersion: 22,
  needCompleteSourcesMap: false,
  isFaMode: false,
  buildDir: 'F:\\Study\\kaiyuan\\clone\\page-redirection-master\\entry\\build',
  deviceTypes: [ 'phone' ],
  pkgContextInfo: undefined,
  ohPackagePathMap: {},
  dependencyAliasMap: {},
  permission: { requestPermissions: undefined, definePermissions: undefined },
  useGetCurrentBundleName: false,
  projectArkOption: {},
  sourceMapDir: undefined,
  branchElimination: false,
  transformLib: undefined,
  tsImportSendable: false,
  resolveConflictMode: true,
  depName2RootPath: {},
  depName2DepInfo: {},
  rootPathSet: [ 'F:\\Study\\kaiyuan\\clone\\page-redirection-master' ],
  useNativeResolver: true,
  shouldEmitJs: true,
  useTscResolve: false,
  singleFileEmit: false,
  userProjectConfig: {
    autoLazyImport: false,
    allowEmptyBundleName: false,
    reExportCheckMode: 'noCheck',
    executionMode: 'memory',
    usePathPlaceholder: false,
    writeRollupCache: true,
    isExpandImportEnabled: false,
    expandImportExclude: '',
    lazyImportExclude: '',
    lazyImportInclude: '',
    ignoreCrossplatformCheck: false,
    isHarDeduplicateEnabled: false,
    skipOhModulesLint: false,
    enableStrictCheckOHModule: false,
    disableSendableCheckRules: [],
    useDeclarationFileSignature: false,
    customizedOptions: undefined,
    integratedHsp: false,
    isPreloadSoEnabled: false
  },
  executionMode: 'memory',
  arkCompileCachePath: 'F:\\Study\\kaiyuan\\clone\\page-redirection-master\\entry\\build\\default\\cache\\default\\default@CompileArkTS\\esmodule',
  autoLazyFilter: undefined,
  isHarDeduplicateEnabled: false,
  intermediateHarDuplicateDirPath: 'F:\\Study\\kaiyuan\\clone\\page-redirection-master\\entry\\build\\default\\intermediates\\har_duplicate\\default',
  autoLazyImport: false,
  allowEmptyBundleName: false,
  reExportCheckMode: 'noCheck',
  usePathPlaceholder: false,
  writeRollupCache: true,
  isExpandImportEnabled: false,
  expandImportExclude: '',
  lazyImportExclude: '',
  lazyImportInclude: '',
  ignoreCrossplatformCheck: false,
  skipOhModulesLint: false,
  enableStrictCheckOHModule: false,
  disableSendableCheckRules: [],
  useDeclarationFileSignature: false,
  customizedOptions: undefined,
  integratedHsp: false,
  isPreloadSoEnabled: false,
  strictMode: undefined,
  useNormalizedOHMUrl: false,
  caseSensitiveCheck: false,
  aceModuleJsonPath: 'F:\\Study\\kaiyuan\\clone\\page-redirection-master\\entry\\build\\default\\intermediates\\res\\default\\ark_module.json',
  appResource: 'F:\\Study\\kaiyuan\\clone\\page-redirection-master\\entry\\build\\default\\intermediates\\res\\default\\ResourceTable.txt',
  rawFileResource: 'F:\\Study\\kaiyuan\\clone\\page-redirection-master\\entry\\build\\default\\intermediates\\res\\default\\resources\\rawfile',
  resourceTableHash: '8a27b3464b586da099ec6d643667e952795b054354a3d094d3eea74309182cc3',
  runtimeOS: 'HarmonyOS',
  sdkInfo: 'false:22:6.0.2.130:Release',
  aceModuleRoot: 'F:\\Study\\kaiyuan\\clone\\page-redirection-master\\entry\\src\\main\\ets',
  compileMode: 'esmodule',
  aceSuperVisualPath: 'F:\\Study\\kaiyuan\\clone\\page-redirection-master\\entry\\src\\main\\supervisual',
  aceBuildJson: 'F:\\Study\\kaiyuan\\clone\\page-redirection-master\\entry\\build\\default\\intermediates\\loader\\default\\loader.json',
  cachePath: 'F:\\Study\\kaiyuan\\clone\\page-redirection-master\\entry\\build\\default\\cache\\default\\default@CompileArkTS\\esmodule\\debug',
  aceModuleBuild: 'F:\\Study\\kaiyuan\\clone\\page-redirection-master\\entry\\build\\default\\intermediates\\loader_out\\default\\ets',
  supportChunks: true,
  declaredFilesPath: undefined,
  shouldCollectDirectImportees: false,
  isByteCodeHarOptimize: false,
  expandImportPath: undefined,
  pkgNameToPkgBriefInfo: {
    entry: {
      pkgRoot: 'F:\\Study\\kaiyuan\\clone\\page-redirection-master\\entry',
      originalSourceRoots: undefined,
      sourceRoots: [Array],
      pkgName: 'entry'
    }
  },
  projectModel: {
    'F:\\Study\\kaiyuan\\clone\\page-redirection-master\\entry\\src\\main': {
      moduleName: 'entry',
      modulePkgPath: 'F:\\Study\\kaiyuan\\clone\\page-redirection-master\\entry',
      belongProjectPath: 'F:\\Study\\kaiyuan\\clone\\page-redirection-master'
    },
    'F:\\Study\\kaiyuan\\clone\\page-redirection-master\\entry': {
      moduleName: 'entry',
      modulePkgPath: 'F:\\Study\\kaiyuan\\clone\\page-redirection-master\\entry',
      belongProjectPath: 'F:\\Study\\kaiyuan\\clone\\page-redirection-master'
    },
    'F:\\Study\\kaiyuan\\clone\\page-redirection-master': {
      moduleName: 'page-redirection-master',
      modulePkgPath: 'F:\\Study\\kaiyuan\\clone\\page-redirection-master',
      belongProjectPath: 'F:\\Study\\kaiyuan\\clone\\page-redirection-master'
    }
  },
  pkgJsonFileHash: '84506049231c4b5988b47cf3df38dfcef149740d1ce02512aea79c39860c0301',
  allModulePaths: [ 'F:\\Study\\kaiyuan\\clone\\page-redirection-master\\entry' ],
  routerMap: {},
  obfuscationOptions: undefined,
  byteCodeHarToDependencyKeys: undefined,
  compileBlockPkg: [],
  mockParams: {
    decorator: '@MockSetup',
    packageName: '@ohos/hamock',
    etsSourceRootPath: 'src/main/ets',
    mockConfigPath: undefined,
    mockConfigKey2ModuleInfo: {},
    source2ModuleIdMap: {}
  },
  copyCodeResourceEnable: true,
  copyCodeResourceExcludes: [],
  copyCodeResourceIncludes: undefined,
  uiTransformOptimization: false,
  sdkPath: 'F:/Study/kaiyuan/DevEco Studio/sdk',
  needPreloadSoFileSet: {},
  preloadSoFilePath: 'F:\\Study\\kaiyuan\\clone\\page-redirection-master\\entry\\build\\default\\intermediates\\preload\\default\\preload.json',
  useSourceHash: false,
  localModuleParamMap: {},
  otherPaths: {
    'entry/*': [
      '..\\*',
      '..\\..\\..\\build\\default\\generated\\profile\\default\\*'
    ]
  },
  collectImportersConfig: undefined
}
[2026-04-21T16:54:45.822] [DEBUG] debug-file - Compile arkts with external api path: F:\Study\kaiyuan\DevEco Studio\sdk\default\hms\ets
[2026-04-21T16:54:45.823] [DEBUG] debug-file - default@CompileArkTS work[0] is submitted.
[2026-04-21T16:54:45.824] [DEBUG] debug-file - default@CompileArkTS work[0] is pushed to ready queue.
[2026-04-21T16:54:45.824] [DEBUG] debug-file - A work dispatched to worker[31] failed because unable to get work from ready queue.
[2026-04-21T16:54:45.824] [DEBUG] debug-file - A work dispatched to worker[30] failed because unable to get work from ready queue.
[2026-04-21T16:54:45.824] [DEBUG] debug-file - A work dispatched to worker[29] failed because unable to get work from ready queue.
[2026-04-21T16:54:45.824] [DEBUG] debug-file - A work dispatched to worker[28] failed because unable to get work from ready queue.
[2026-04-21T16:54:45.824] [DEBUG] debug-file - A work dispatched to worker[27] failed because unable to get work from ready queue.
[2026-04-21T16:54:45.824] [DEBUG] debug-file - A work dispatched to worker[26] failed because unable to get work from ready queue.
[2026-04-21T16:54:45.824] [DEBUG] debug-file - A work dispatched to worker[25] failed because unable to get work from ready queue.
[2026-04-21T16:54:45.824] [DEBUG] debug-file - A work dispatched to worker[24] failed because unable to get work from ready queue.
[2026-04-21T16:54:45.824] [DEBUG] debug-file - A work dispatched to worker[23] failed because unable to get work from ready queue.
[2026-04-21T16:54:45.824] [DEBUG] debug-file - A work dispatched to worker[22] failed because unable to get work from ready queue.
[2026-04-21T16:54:45.824] [DEBUG] debug-file - A work dispatched to worker[21] failed because unable to get work from ready queue.
[2026-04-21T16:54:45.824] [DEBUG] debug-file - A work dispatched to worker[20] failed because unable to get work from ready queue.
[2026-04-21T16:54:45.825] [DEBUG] debug-file - A work dispatched to worker[19] failed because unable to get work from ready queue.
[2026-04-21T16:54:45.825] [DEBUG] debug-file - A work dispatched to worker[18] failed because unable to get work from ready queue.
[2026-04-21T16:54:45.825] [DEBUG] debug-file - A work dispatched to worker[17] failed because unable to get work from ready queue.
[2026-04-21T16:54:45.825] [DEBUG] debug-file - A work dispatched to worker[16] failed because unable to get work from ready queue.
[2026-04-21T16:54:45.825] [DEBUG] debug-file - A work dispatched to worker[15] failed because unable to get work from ready queue.
[2026-04-21T16:54:45.825] [DEBUG] debug-file - A work dispatched to worker[14] failed because unable to get work from ready queue.
[2026-04-21T16:54:45.825] [DEBUG] debug-file - A work dispatched to worker[13] failed because unable to get work from ready queue.
[2026-04-21T16:54:45.825] [DEBUG] debug-file - A work dispatched to worker[12] failed because unable to get work from ready queue.
[2026-04-21T16:54:45.825] [DEBUG] debug-file - A work dispatched to worker[11] failed because unable to get work from ready queue.
[2026-04-21T16:54:45.825] [DEBUG] debug-file - A work dispatched to worker[10] failed because unable to get work from ready queue.
[2026-04-21T16:54:45.825] [DEBUG] debug-file - A work dispatched to worker[9] failed because unable to get work from ready queue.
[2026-04-21T16:54:45.825] [DEBUG] debug-file - A work dispatched to worker[8] failed because unable to get work from ready queue.
[2026-04-21T16:54:45.825] [DEBUG] debug-file - A work dispatched to worker[7] failed because unable to get work from ready queue.
[2026-04-21T16:54:45.825] [DEBUG] debug-file - A work dispatched to worker[6] failed because unable to get work from ready queue.
[2026-04-21T16:54:45.825] [DEBUG] debug-file - A work dispatched to worker[5] failed because unable to get work from ready queue.
[2026-04-21T16:54:45.825] [DEBUG] debug-file - Create  resident worker with id: 4.
[2026-04-21T16:54:45.827] [DEBUG] debug-file - default@CompileArkTS work[0] has been dispatched to worker[4].
[2026-04-21T16:54:45.827] [DEBUG] debug-file - default@CompileArkTS work[0] is dispatched.
[2026-04-21T16:54:45.827] [DEBUG] debug-file - CopyResources startTime: 1386617452600
[2026-04-21T16:54:45.827] [DEBUG] debug-file - default@CompileArkTS work[1] is submitted.
[2026-04-21T16:54:45.828] [DEBUG] debug-file - default@CompileArkTS work[1] is pushed to ready queue.
[2026-04-21T16:54:45.828] [DEBUG] debug-file - A work dispatched to worker[31] failed because unable to get work from ready queue.
[2026-04-21T16:54:45.828] [DEBUG] debug-file - Create  resident worker with id: 30.
[2026-04-21T16:54:45.829] [DEBUG] debug-file - default@CompileArkTS work[1] has been dispatched to worker[30].
[2026-04-21T16:54:45.829] [DEBUG] debug-file - default@CompileArkTS work[1] is dispatched.
[2026-04-21T16:54:45.829] [DEBUG] debug-file - entry : default@CompileArkTS cost memory 2.2099456787109375
[2026-04-21T16:54:45.831] [DEBUG] debug-file - Executing task :entry:default@BuildJS
[2026-04-21T16:54:45.831] [DEBUG] debug-file - Task 'entry:default@BuildJS' cost while wrapping incremental declarations: 1 ms 
[2026-04-21T16:54:45.834] [DEBUG] debug-file - entry : default@BuildJS cost memory 0.15758514404296875
[2026-04-21T16:54:45.834] [DEBUG] debug-file - runTaskFromQueue task cost before running: 2 s 634 ms 
[2026-04-21T16:54:45.834] [INFO] debug-file - Finished :entry:default@BuildJS... after 4 ms 
[2026-04-21T16:54:45.835] [DEBUG] debug-file - Executing task :entry:default@CacheNativeLibs
[2026-04-21T16:54:45.836] [DEBUG] debug-file - Task 'entry:default@CacheNativeLibs' cost while wrapping incremental declarations: 1 ms 
[2026-04-21T16:54:45.836] [DEBUG] debug-file - default@CacheNativeLibs work[2] is submitted.
[2026-04-21T16:54:45.836] [DEBUG] debug-file - default@CacheNativeLibs work[2] is pushed to ready queue.
[2026-04-21T16:54:45.836] [DEBUG] debug-file - A work dispatched to worker[31] failed because unable to get work from ready queue.
[2026-04-21T16:54:45.837] [DEBUG] debug-file - A work dispatched to worker[30] failed because of worker busy.
[2026-04-21T16:54:45.837] [DEBUG] debug-file - Create  resident worker with id: 29.
[2026-04-21T16:54:45.837] [DEBUG] debug-file - default@CacheNativeLibs work[2] has been dispatched to worker[29].
[2026-04-21T16:54:45.837] [DEBUG] debug-file - default@CacheNativeLibs work[2] is dispatched.
[2026-04-21T16:54:45.838] [DEBUG] debug-file - entry : default@CacheNativeLibs cost memory 0.14971923828125
[2026-04-21T16:54:46.855] [DEBUG] debug-file - worker[30] has one work done.
[2026-04-21T16:54:46.856] [DEBUG] debug-file - CopyResources is end, endTime: 1387645735300
[2026-04-21T16:54:46.856] [DEBUG] debug-file - default@CompileArkTS work[1] done.
[2026-04-21T16:54:46.856] [DEBUG] debug-file - A work dispatched to worker[30] failed because unable to get work from ready queue.
[2026-04-21T16:54:46.921] [DEBUG] debug-file - worker[29] has one work done.
[2026-04-21T16:54:46.921] [DEBUG] debug-file - default@CacheNativeLibs work[2] done.
[2026-04-21T16:54:46.921] [DEBUG] debug-file - A work dispatched to worker[29] failed because unable to get work from ready queue.
[2026-04-21T16:54:46.922] [INFO] debug-file - Finished :entry:default@CacheNativeLibs... after 9 ms 
[2026-04-21T16:54:52.684] [DEBUG] debug-file - worker[4] has one work done.
[2026-04-21T16:54:52.684] [DEBUG] debug-file - Ark compile task finished.finished time is 1393473457400
[2026-04-21T16:54:52.686] [DEBUG] debug-file - default@CompileArkTS work[0] done.
[2026-04-21T16:54:52.686] [DEBUG] debug-file - A work dispatched to worker[4] failed because unable to get work from ready queue.
[2026-04-21T16:54:52.688] [INFO] debug-file - Finished :entry:default@CompileArkTS... after 4 s 482 ms 
[2026-04-21T16:54:52.689] [DEBUG] debug-file - Executing task :entry:default@GeneratePkgModuleJson
[2026-04-21T16:54:52.689] [DEBUG] debug-file - File: 'F:\Study\kaiyuan\clone\page-redirection-master\entry\build\default\intermediates\preload\default\preload.json' from 'preloadSoJsonPath' is not exists, just ignore.
[2026-04-21T16:54:52.689] [DEBUG] debug-file - Error occurs while handling @Input 'shouldDeduplicateHar': The "data" argument must be of type string or an instance of Buffer, TypedArray, or DataView. Received undefined
[2026-04-21T16:54:52.689] [DEBUG] debug-file - Task 'entry:default@GeneratePkgModuleJson' cost while wrapping incremental declarations: 1 ms 
[2026-04-21T16:54:52.691] [DEBUG] debug-file - entry : default@GeneratePkgModuleJson cost memory 0.15589141845703125
[2026-04-21T16:54:52.691] [DEBUG] debug-file - runTaskFromQueue task cost before running: 9 s 492 ms 
[2026-04-21T16:54:52.692] [INFO] debug-file - Finished :entry:default@GeneratePkgModuleJson... after 3 ms 
[2026-04-21T16:54:52.693] [DEBUG] debug-file - Executing task :entry:default@ProcessCompiledResources
[2026-04-21T16:54:52.693] [DEBUG] debug-file - File: 'F:\Study\kaiyuan\clone\page-redirection-master\entry\build\default\intermediates\preload\default\preload.json' from 'preloadSoJsonPath' is not exists, just ignore.
[2026-04-21T16:54:52.693] [DEBUG] debug-file - Task 'entry:default@ProcessCompiledResources' cost while wrapping incremental declarations: 1 ms 
[2026-04-21T16:54:52.693] [DEBUG] debug-file - entry : default@ProcessCompiledResources cost memory 0.0601043701171875
[2026-04-21T16:54:52.693] [DEBUG] debug-file - runTaskFromQueue task cost before running: 9 s 494 ms 
[2026-04-21T16:54:52.694] [INFO] debug-file - Finished :entry:default@ProcessCompiledResources... after 1 ms 
[2026-04-21T16:54:52.696] [DEBUG] debug-file - Executing task :entry:default@PackageHap
[2026-04-21T16:54:52.699] [DEBUG] debug-file - Use tool [F:\Study\kaiyuan\DevEco Studio\sdk\default\openharmony\toolchains\lib\app_packing_tool.jar]
 [
  'java',
  '-Dfile.encoding=GBK',
  '-jar',
  'F:\\Study\\kaiyuan\\DevEco Studio\\sdk\\default\\openharmony\\toolchains\\lib\\app_packing_tool.jar',
  '--mode',
  'hap',
  '--force',
  'true',
  '--lib-path',
  'F:\\Study\\kaiyuan\\clone\\page-redirection-master\\entry\\build\\default\\intermediates\\stripped_native_libs\\default',
  '--json-path',
  'F:\\Study\\kaiyuan\\clone\\page-redirection-master\\entry\\build\\default\\intermediates\\package\\default\\module.json',
  '--resources-path',
  'F:\\Study\\kaiyuan\\clone\\page-redirection-master\\entry\\build\\default\\intermediates\\res\\default\\resources',
  '--index-path',
  'F:\\Study\\kaiyuan\\clone\\page-redirection-master\\entry\\build\\default\\intermediates\\res\\default\\resources.index',
  '--pack-info-path',
  'F:\\Study\\kaiyuan\\clone\\page-redirection-master\\entry\\build\\default\\outputs\\default\\pack.info',
  '--out-path',
  'F:\\Study\\kaiyuan\\clone\\page-redirection-master\\entry\\build\\default\\outputs\\default\\entry-default-unsigned.hap',
  '--ets-path',
  'F:\\Study\\kaiyuan\\clone\\page-redirection-master\\entry\\build\\default\\intermediates\\loader_out\\default\\ets'
]
[2026-04-21T16:54:53.189] [DEBUG] debug-file - java daemon socket received message:{"code":0,"message":"pack success"}
[2026-04-21T16:54:53.193] [DEBUG] debug-file - entry : default@PackageHap cost memory 0.5977935791015625
[2026-04-21T16:54:53.193] [DEBUG] debug-file - runTaskFromQueue task cost before running: 9 s 994 ms 
[2026-04-21T16:54:53.194] [INFO] debug-file - Finished :entry:default@PackageHap... after 498 ms 
[2026-04-21T16:54:53.196] [DEBUG] debug-file - Executing task :entry:default@PackingCheck
[2026-04-21T16:54:53.202] [DEBUG] debug-file - entry : default@PackingCheck cost memory 0.6304779052734375
[2026-04-21T16:54:53.202] [DEBUG] debug-file - runTaskFromQueue task cost before running: 10 s 3 ms 
[2026-04-21T16:54:53.203] [INFO] debug-file - Finished :entry:default@PackingCheck... after 7 ms 
[2026-04-21T16:54:53.204] [DEBUG] debug-file - Executing task :entry:default@SignHap
[2026-04-21T16:54:53.204] [WARN] debug-file - Will skip sign 'hos_hap'. No signingConfigs profile is configured in current project.
             If needed, configure the signingConfigs in F:\Study\kaiyuan\clone\page-redirection-master\build-profile.json5.
[2026-04-21T16:54:53.205] [DEBUG] debug-file - entry : default@SignHap cost memory 0.056243896484375
[2026-04-21T16:54:53.205] [DEBUG] debug-file - runTaskFromQueue task cost before running: 10 s 6 ms 
[2026-04-21T16:54:53.206] [INFO] debug-file - Finished :entry:default@SignHap... after 2 ms 
[2026-04-21T16:54:53.207] [DEBUG] debug-file - Executing task :entry:default@CollectDebugSymbol
[2026-04-21T16:54:53.208] [DEBUG] debug-file - entry : default@CollectDebugSymbol cost memory 0.09708404541015625
[2026-04-21T16:54:53.208] [DEBUG] debug-file - runTaskFromQueue task cost before running: 10 s 8 ms 
[2026-04-21T16:54:53.208] [INFO] debug-file - Finished :entry:default@CollectDebugSymbol... after 1 ms 
[2026-04-21T16:54:53.208] [DEBUG] debug-file - Executing task :entry:assembleHap
[2026-04-21T16:54:53.209] [DEBUG] debug-file - entry : assembleHap cost memory 0.0128326416015625
[2026-04-21T16:54:53.209] [DEBUG] debug-file - runTaskFromQueue task cost before running: 10 s 9 ms 
[2026-04-21T16:54:53.209] [INFO] debug-file - Finished :entry:assembleHap... after 1 ms 
[2026-04-21T16:54:53.217] [INFO] debug-file - BUILD SUCCESSFUL in 10 s 17 ms 
[2026-04-21T16:54:53.218] [DEBUG] debug-file - Update task entry:default@PreBuild input file:F:\Study\kaiyuan\clone\page-redirection-master\AppScope\app.json5 cache by regenerate.
[2026-04-21T16:54:53.219] [DEBUG] debug-file - Update task entry:default@PreBuild input file:F:\Study\kaiyuan\clone\page-redirection-master\entry\src\main\module.json5 cache by regenerate.
[2026-04-21T16:54:53.219] [DEBUG] debug-file - Update task entry:default@PreBuild input file:F:\Study\kaiyuan\clone\page-redirection-master\build-profile.json5 cache by regenerate.
[2026-04-21T16:54:53.220] [DEBUG] debug-file - Update task entry:default@PreBuild input file:F:\Study\kaiyuan\clone\page-redirection-master\entry\build-profile.json5 cache by regenerate.
[2026-04-21T16:54:53.220] [DEBUG] debug-file - Update task entry:default@PreBuild input file:F:\Study\kaiyuan\clone\page-redirection-master\entry\src\main\resources\base\profile\main_pages.json cache by regenerate.
[2026-04-21T16:54:53.220] [DEBUG] debug-file - Update task entry:default@PreBuild input file:F:\Study\kaiyuan\clone\page-redirection-master\hvigor\hvigor-config.json5 cache by regenerate.
[2026-04-21T16:54:53.220] [DEBUG] debug-file - Update task entry:default@PreBuild input file:F:\Study\kaiyuan\clone\page-redirection-master\entry\oh-package.json5 cache by regenerate.
[2026-04-21T16:54:53.221] [DEBUG] debug-file - Update task entry:default@PreBuild input file:F:\Study\kaiyuan\clone\page-redirection-master\oh-package.json5 cache by regenerate.
[2026-04-21T16:54:53.221] [DEBUG] debug-file - Incremental task entry:default@PreBuild post-execution cost:4 ms .
[2026-04-21T16:54:53.221] [DEBUG] debug-file - Update task entry:default@CreateModuleInfo output file:F:\Study\kaiyuan\clone\page-redirection-master\entry\build\default\generated\profile\default\ModuleInfo.ts cache.
[2026-04-21T16:54:53.222] [DEBUG] debug-file - Incremental task entry:default@CreateModuleInfo post-execution cost:1 ms .
[2026-04-21T16:54:53.222] [DEBUG] debug-file - Update task entry:default@GenerateMetadata input file:F:\Study\kaiyuan\clone\page-redirection-master\entry\src\main\module.json5 cache by regenerate.
[2026-04-21T16:54:53.222] [DEBUG] debug-file - Update task entry:default@GenerateMetadata output file:F:\Study\kaiyuan\clone\page-redirection-master\entry\build\default\intermediates\hap_metadata\default\output_metadata.json cache.
[2026-04-21T16:54:53.222] [DEBUG] debug-file - Incremental task entry:default@GenerateMetadata post-execution cost:1 ms .
[2026-04-21T16:54:53.223] [DEBUG] debug-file - Update task entry:default@MergeProfile input file:F:\Study\kaiyuan\clone\page-redirection-master\AppScope\app.json5 cache by regenerate.
[2026-04-21T16:54:53.223] [DEBUG] debug-file - Update task entry:default@MergeProfile input file:F:\Study\kaiyuan\clone\page-redirection-master\build-profile.json5 cache by regenerate.
[2026-04-21T16:54:53.223] [DEBUG] debug-file - Update task entry:default@MergeProfile input file:F:\Study\kaiyuan\clone\page-redirection-master\entry\src\main\module.json5 cache by regenerate.
[2026-04-21T16:54:53.223] [DEBUG] debug-file - Update task entry:default@MergeProfile output file:F:\Study\kaiyuan\clone\page-redirection-master\entry\build\default\intermediates\merge_profile\default\module.json cache.
[2026-04-21T16:54:53.224] [DEBUG] debug-file - Incremental task entry:default@MergeProfile post-execution cost:2 ms .
[2026-04-21T16:54:53.224] [DEBUG] debug-file - Update task entry:default@CreateBuildProfile input file:F:\Study\kaiyuan\clone\page-redirection-master\AppScope\app.json5 cache by regenerate.
[2026-04-21T16:54:53.224] [DEBUG] debug-file - Update task entry:default@CreateBuildProfile input file:F:\Study\kaiyuan\clone\page-redirection-master\build-profile.json5 cache by regenerate.
[2026-04-21T16:54:53.224] [DEBUG] debug-file - Update task entry:default@CreateBuildProfile output file:F:\Study\kaiyuan\clone\page-redirection-master\entry\build\default\generated\profile\default\BuildProfile.ets cache.
[2026-04-21T16:54:53.225] [DEBUG] debug-file - Incremental task entry:default@CreateBuildProfile post-execution cost:1 ms .
[2026-04-21T16:54:53.225] [DEBUG] debug-file - Update task entry:default@GeneratePkgContextInfo output file:F:\Study\kaiyuan\clone\page-redirection-master\entry\build\default\intermediates\loader\default\pkgContextInfo.json cache.
[2026-04-21T16:54:53.225] [DEBUG] debug-file - Incremental task entry:default@GeneratePkgContextInfo post-execution cost:1 ms .
[2026-04-21T16:54:53.225] [DEBUG] debug-file - Update task entry:default@ProcessIntegratedHsp output file:F:\Study\kaiyuan\clone\page-redirection-master\build\cache\default\integrated_hsp\integratedHspCache.json cache.
[2026-04-21T16:54:53.225] [DEBUG] debug-file - Incremental task entry:default@ProcessIntegratedHsp post-execution cost:1 ms .
[2026-04-21T16:54:53.225] [DEBUG] debug-file - Update task entry:default@MakePackInfo input file:F:\Study\kaiyuan\clone\page-redirection-master\AppScope\app.json5 cache by regenerate.
[2026-04-21T16:54:53.226] [DEBUG] debug-file - Update task entry:default@MakePackInfo input file:F:\Study\kaiyuan\clone\page-redirection-master\entry\src\main\module.json5 cache by regenerate.
[2026-04-21T16:54:53.226] [DEBUG] debug-file - Update task entry:default@MakePackInfo input file:F:\Study\kaiyuan\clone\page-redirection-master\build-profile.json5 cache by regenerate.
[2026-04-21T16:54:53.226] [DEBUG] debug-file - Update task entry:default@MakePackInfo output file:F:\Study\kaiyuan\clone\page-redirection-master\entry\build\default\outputs\default\pack.info cache.
[2026-04-21T16:54:53.227] [DEBUG] debug-file - Incremental task entry:default@MakePackInfo post-execution cost:2 ms .
[2026-04-21T16:54:53.227] [DEBUG] debug-file - Update task entry:default@SyscapTransform input file:F:\Study\kaiyuan\DevEco Studio\sdk\default\openharmony\toolchains\syscap_tool.exe cache by regenerate.
[2026-04-21T16:54:53.227] [DEBUG] debug-file - Update task entry:default@SyscapTransform input file:F:\Study\kaiyuan\DevEco Studio\sdk\default\openharmony\ets\api\device-define cache by regenerate.
[2026-04-21T16:54:53.229] [DEBUG] debug-file - Update task entry:default@SyscapTransform output file:F:\Study\kaiyuan\clone\page-redirection-master\entry\build\default\intermediates\syscap\default\rpcid.sc cache.
[2026-04-21T16:54:53.229] [DEBUG] debug-file - Incremental task entry:default@SyscapTransform post-execution cost:3 ms .
[2026-04-21T16:54:53.229] [DEBUG] debug-file - Update task entry:default@ProcessProfile input file:F:\Study\kaiyuan\clone\page-redirection-master\entry\build\default\intermediates\merge_profile\default\module.json cache by regenerate.
[2026-04-21T16:54:53.229] [DEBUG] debug-file - Update task entry:default@ProcessProfile output file:F:\Study\kaiyuan\clone\page-redirection-master\entry\build\default\intermediates\process_profile\default\module.json cache.
[2026-04-21T16:54:53.230] [DEBUG] debug-file - Incremental task entry:default@ProcessProfile post-execution cost:1 ms .
[2026-04-21T16:54:53.230] [DEBUG] debug-file - Update task entry:default@ProcessRouterMap input file:F:\Study\kaiyuan\clone\page-redirection-master\entry\oh-package.json5 cache by regenerate.
[2026-04-21T16:54:53.230] [DEBUG] debug-file - Update task entry:default@ProcessRouterMap input file:F:\Study\kaiyuan\clone\page-redirection-master\oh-package.json5 cache by regenerate.
[2026-04-21T16:54:53.230] [DEBUG] debug-file - Update task entry:default@ProcessRouterMap input file:F:\Study\kaiyuan\clone\page-redirection-master\entry\src\main\module.json5 cache by regenerate.
[2026-04-21T16:54:53.231] [DEBUG] debug-file - Update task entry:default@ProcessRouterMap output file:F:\Study\kaiyuan\clone\page-redirection-master\entry\build\default\intermediates\router_map\default\temp-router-map.json cache.
[2026-04-21T16:54:53.231] [DEBUG] debug-file - Update task entry:default@ProcessRouterMap output file:F:\Study\kaiyuan\clone\page-redirection-master\entry\build\default\intermediates\router_map\default\loader-router-map.json cache.
[2026-04-21T16:54:53.231] [DEBUG] debug-file - Incremental task entry:default@ProcessRouterMap post-execution cost:2 ms .
[2026-04-21T16:54:53.232] [DEBUG] debug-file - Update task entry:default@ProcessShareConfig input file:F:\Study\kaiyuan\clone\page-redirection-master\entry\oh-package.json5 cache by regenerate.
[2026-04-21T16:54:53.232] [DEBUG] debug-file - Update task entry:default@ProcessShareConfig input file:F:\Study\kaiyuan\clone\page-redirection-master\oh-package.json5 cache by regenerate.
[2026-04-21T16:54:53.232] [DEBUG] debug-file - Update task entry:default@ProcessShareConfig input file:F:\Study\kaiyuan\clone\page-redirection-master\entry\src\main\module.json5 cache by regenerate.
[2026-04-21T16:54:53.232] [DEBUG] debug-file - Update task entry:default@ProcessShareConfig output file:F:\Study\kaiyuan\clone\page-redirection-master\entry\build\default\intermediates\share_config\default\temp-share-config.json cache.
[2026-04-21T16:54:53.233] [DEBUG] debug-file - Incremental task entry:default@ProcessShareConfig post-execution cost:2 ms .
[2026-04-21T16:54:53.233] [DEBUG] debug-file - Update task entry:default@ProcessStartupConfig output file:F:\Study\kaiyuan\clone\page-redirection-master\entry\build\default\intermediates\startup\default\startup_config.json cache.
[2026-04-21T16:54:53.233] [DEBUG] debug-file - Incremental task entry:default@ProcessStartupConfig post-execution cost:1 ms .
[2026-04-21T16:54:53.233] [DEBUG] debug-file - Update task entry:default@ProcessResource output file:F:\Study\kaiyuan\clone\page-redirection-master\entry\build\default\intermediates\res\default\resConfig.json cache.
[2026-04-21T16:54:53.233] [DEBUG] debug-file - Update task entry:default@ProcessResource output file:F:\Study\kaiyuan\clone\page-redirection-master\entry\build\default\intermediates\res\default\opt-compression.json cache.
[2026-04-21T16:54:53.234] [DEBUG] debug-file - Incremental task entry:default@ProcessResource post-execution cost:1 ms .
[2026-04-21T16:54:53.234] [DEBUG] debug-file - Update task entry:default@GenerateLoaderJson input file:F:\Study\kaiyuan\clone\page-redirection-master\entry\build\default\intermediates\router_map\default\temp-router-map.json cache by regenerate.
[2026-04-21T16:54:53.235] [DEBUG] debug-file - Update task entry:default@GenerateLoaderJson output file:F:\Study\kaiyuan\clone\page-redirection-master\entry\build\default\intermediates\loader\default\loader.json cache.
[2026-04-21T16:54:53.235] [DEBUG] debug-file - Incremental task entry:default@GenerateLoaderJson post-execution cost:2 ms .
[2026-04-21T16:54:53.235] [DEBUG] debug-file - Update task entry:default@ProcessLibs input file:F:\Study\kaiyuan\clone\page-redirection-master\build-profile.json5 cache by regenerate.
[2026-04-21T16:54:53.235] [DEBUG] debug-file - Update task entry:default@ProcessLibs input file:F:\Study\kaiyuan\clone\page-redirection-master\entry\build-profile.json5 cache by regenerate.
[2026-04-21T16:54:53.236] [DEBUG] debug-file - Update task entry:default@ProcessLibs output file:F:\Study\kaiyuan\clone\page-redirection-master\entry\build\default\intermediates\libs\default cache.
[2026-04-21T16:54:53.236] [DEBUG] debug-file - Incremental task entry:default@ProcessLibs post-execution cost:2 ms .
[2026-04-21T16:54:53.237] [DEBUG] debug-file - Update task entry:default@CompileResource input file:F:\Study\kaiyuan\clone\page-redirection-master\entry\src\main\resources cache by regenerate.
[2026-04-21T16:54:53.244] [DEBUG] debug-file - Update task entry:default@CompileResource input file:F:\Study\kaiyuan\clone\page-redirection-master\AppScope\resources cache by regenerate.
[2026-04-21T16:54:53.246] [DEBUG] debug-file - Update task entry:default@CompileResource input file:F:\Study\kaiyuan\clone\page-redirection-master\entry\build\default\intermediates\process_profile\default\module.json cache by regenerate.
[2026-04-21T16:54:53.246] [DEBUG] debug-file - Update task entry:default@CompileResource input file:F:\Study\kaiyuan\clone\page-redirection-master\entry\build\default\intermediates\res\default\resConfig.json cache by regenerate.
[2026-04-21T16:54:53.246] [DEBUG] debug-file - Update task entry:default@CompileResource output file:F:\Study\kaiyuan\clone\page-redirection-master\entry\build\default\intermediates\res\default cache.
[2026-04-21T16:54:53.256] [DEBUG] debug-file - Update task entry:default@CompileResource output file:F:\Study\kaiyuan\clone\page-redirection-master\entry\build\default\generated\r\default\ResourceTable.h cache.
[2026-04-21T16:54:53.257] [DEBUG] debug-file - Update task entry:default@CompileResource output file:F:\Study\kaiyuan\clone\page-redirection-master\entry\build\default\generated\r\default cache.
[2026-04-21T16:54:53.257] [DEBUG] debug-file - Incremental task entry:default@CompileResource post-execution cost:22 ms .
[2026-04-21T16:54:53.257] [DEBUG] debug-file - Update task entry:default@DoNativeStrip input file:F:\Study\kaiyuan\clone\page-redirection-master\entry\build\default\intermediates\libs\default cache by regenerate.
[2026-04-21T16:54:53.258] [DEBUG] debug-file - Update task entry:default@DoNativeStrip output file:F:\Study\kaiyuan\clone\page-redirection-master\entry\build\default\intermediates\stripped_native_libs\default cache.
[2026-04-21T16:54:53.258] [DEBUG] debug-file - Incremental task entry:default@DoNativeStrip post-execution cost:2 ms .
[2026-04-21T16:54:53.260] [DEBUG] debug-file - Update task entry:default@CompileArkTS input file:F:\Study\kaiyuan\clone\page-redirection-master\entry\build\default\intermediates\loader\default cache by regenerate.
[2026-04-21T16:54:53.260] [DEBUG] debug-file - Update task entry:default@CompileArkTS input file:F:\Study\kaiyuan\clone\page-redirection-master\entry\build\default\intermediates\res\default\resources\rawfile cache by regenerate.
[2026-04-21T16:54:53.264] [DEBUG] debug-file - Update task entry:default@CompileArkTS input file:F:\Study\kaiyuan\clone\page-redirection-master\entry\build\default\intermediates\res\default\ResourceTable.txt cache by regenerate.
[2026-04-21T16:54:53.264] [DEBUG] debug-file - Update task entry:default@CompileArkTS input file:F:\Study\kaiyuan\clone\page-redirection-master\entry\build\default\intermediates\res\default\ark_module.json cache by regenerate.
[2026-04-21T16:54:53.264] [DEBUG] debug-file - Update task entry:default@CompileArkTS input file:F:\Study\kaiyuan\clone\page-redirection-master\entry\build\default\intermediates\res\default\resources\base\profile cache by regenerate.
[2026-04-21T16:54:53.265] [DEBUG] debug-file - Update task entry:default@CompileArkTS input file:F:\Study\kaiyuan\clone\page-redirection-master\entry\src\main\ets cache by regenerate.
[2026-04-21T16:54:53.267] [DEBUG] debug-file - Update task entry:default@CompileArkTS input file:F:\Study\kaiyuan\clone\page-redirection-master\entry\build\default\generated\profile\default\BuildProfile.ets cache by regenerate.
[2026-04-21T16:54:53.267] [DEBUG] debug-file - Update task entry:default@CompileArkTS output file:F:\Study\kaiyuan\clone\page-redirection-master\entry\build\default\intermediates\loader_out\default\ets cache.
[2026-04-21T16:54:53.268] [DEBUG] debug-file - Incremental task entry:default@CompileArkTS post-execution cost:10 ms .
[2026-04-21T16:54:53.268] [DEBUG] debug-file - Update task entry:default@BuildJS input file:F:\Study\kaiyuan\clone\page-redirection-master\entry\build\default\intermediates\loader\default cache by regenerate.
[2026-04-21T16:54:53.269] [DEBUG] debug-file - Update task entry:default@BuildJS input file:F:\Study\kaiyuan\clone\page-redirection-master\entry\build\default\intermediates\res\default\resources\rawfile cache by regenerate.
[2026-04-21T16:54:53.272] [DEBUG] debug-file - Update task entry:default@BuildJS input file:F:\Study\kaiyuan\clone\page-redirection-master\entry\build\default\intermediates\res\default\ResourceTable.txt cache by regenerate.
[2026-04-21T16:54:53.272] [DEBUG] debug-file - Update task entry:default@BuildJS input file:F:\Study\kaiyuan\clone\page-redirection-master\entry\build\default\intermediates\res\default\ark_module.json cache by regenerate.
[2026-04-21T16:54:53.273] [DEBUG] debug-file - Update task entry:default@BuildJS input file:F:\Study\kaiyuan\clone\page-redirection-master\entry\build\default\intermediates\res\default\resources\base\profile cache by regenerate.
[2026-04-21T16:54:53.273] [DEBUG] debug-file - Update task entry:default@BuildJS output file:F:\Study\kaiyuan\clone\page-redirection-master\entry\build\default\intermediates\loader_out\default\js cache.
[2026-04-21T16:54:53.274] [DEBUG] debug-file - Incremental task entry:default@BuildJS post-execution cost:6 ms .
[2026-04-21T16:54:53.274] [DEBUG] debug-file - Update task entry:default@CacheNativeLibs input file:F:\Study\kaiyuan\clone\page-redirection-master\entry\build\default\intermediates\stripped_native_libs\default cache by regenerate.
[2026-04-21T16:54:53.274] [DEBUG] debug-file - Update task entry:default@CacheNativeLibs input file:F:\Study\kaiyuan\clone\page-redirection-master\entry\build\default\intermediates\libs\default cache by regenerate.
[2026-04-21T16:54:53.274] [DEBUG] debug-file - Update task entry:default@CacheNativeLibs output file:F:\Study\kaiyuan\clone\page-redirection-master\entry\build\default\intermediates\patch\default\base_native_libs.json cache.
[2026-04-21T16:54:53.275] [DEBUG] debug-file - Incremental task entry:default@CacheNativeLibs post-execution cost:2 ms .
[2026-04-21T16:54:53.275] [DEBUG] debug-file - Update task entry:default@GeneratePkgModuleJson input file:F:\Study\kaiyuan\clone\page-redirection-master\entry\build\default\intermediates\res\default\module.json cache by regenerate.
[2026-04-21T16:54:53.275] [DEBUG] debug-file - Update task entry:default@GeneratePkgModuleJson output file:F:\Study\kaiyuan\clone\page-redirection-master\entry\build\default\intermediates\package\default\module.json cache.
[2026-04-21T16:54:53.275] [DEBUG] debug-file - Incremental task entry:default@GeneratePkgModuleJson post-execution cost:1 ms .
[2026-04-21T16:54:53.275] [DEBUG] debug-file - Incremental task entry:default@ProcessCompiledResources post-execution cost:1 ms .
[2026-04-21T16:54:53.276] [DEBUG] debug-file - Update task entry:default@PackageHap input file:F:\Study\kaiyuan\clone\page-redirection-master\entry\build\default\intermediates\stripped_native_libs\default cache by regenerate.
[2026-04-21T16:54:53.276] [DEBUG] debug-file - Update task entry:default@PackageHap input file:F:\Study\kaiyuan\clone\page-redirection-master\entry\build\default\intermediates\res\default\module.json cache by regenerate.
[2026-04-21T16:54:53.276] [DEBUG] debug-file - Update task entry:default@PackageHap input file:F:\Study\kaiyuan\clone\page-redirection-master\entry\build\default\intermediates\res\default\resources cache by regenerate.
[2026-04-21T16:54:53.283] [DEBUG] debug-file - Update task entry:default@PackageHap input file:F:\Study\kaiyuan\clone\page-redirection-master\entry\build\default\intermediates\res\default\resources.index cache by regenerate.
[2026-04-21T16:54:53.283] [DEBUG] debug-file - Update task entry:default@PackageHap input file:F:\Study\kaiyuan\clone\page-redirection-master\entry\build\default\outputs\default\pack.info cache by regenerate.
[2026-04-21T16:54:53.283] [DEBUG] debug-file - Update task entry:default@PackageHap input file:F:\Study\kaiyuan\clone\page-redirection-master\entry\build\default\intermediates\loader_out\default\ets cache by regenerate.
[2026-04-21T16:54:53.284] [DEBUG] debug-file - Update task entry:default@PackageHap input file:F:\Study\kaiyuan\clone\page-redirection-master\entry\build\default\intermediates\loader_out\default\ets\sourceMaps.map cache by regenerate.
[2026-04-21T16:54:53.284] [DEBUG] debug-file - Update task entry:default@PackageHap input file:F:\Study\kaiyuan\clone\page-redirection-master\entry\build\default\generated\profile\default\BuildProfile.ets cache by regenerate.
[2026-04-21T16:54:53.284] [DEBUG] debug-file - Update task entry:default@PackageHap output file:F:\Study\kaiyuan\clone\page-redirection-master\entry\build\default\outputs\default\entry-default-unsigned.hap cache.
[2026-04-21T16:54:53.285] [DEBUG] debug-file - Update task entry:default@PackageHap output file:F:\Study\kaiyuan\clone\page-redirection-master\entry\build\default\intermediates\source_map\default\sourceMaps.map cache.
[2026-04-21T16:54:53.285] [DEBUG] debug-file - Update task entry:default@PackageHap output file:F:\Study\kaiyuan\clone\page-redirection-master\entry\build\default\outputs\default\mapping\sourceMaps.map cache.
[2026-04-21T16:54:53.286] [DEBUG] debug-file - Incremental task entry:default@PackageHap post-execution cost:11 ms .
[2026-04-21T16:54:53.286] [DEBUG] debug-file - Update task entry:default@SignHap input file:F:\Study\kaiyuan\clone\page-redirection-master\entry\build\default\outputs\default\entry-default-unsigned.hap cache by regenerate.
[2026-04-21T16:54:53.286] [DEBUG] debug-file - Update task entry:default@SignHap output file:F:\Study\kaiyuan\clone\page-redirection-master\entry\build\default\outputs\default\entry-default-signed.hap cache.
[2026-04-21T16:54:53.286] [DEBUG] debug-file - Incremental task entry:default@SignHap post-execution cost:1 ms .
[2026-04-21T16:54:53.287] [DEBUG] debug-file - Update task entry:default@CollectDebugSymbol input file:F:\Study\kaiyuan\clone\page-redirection-master\entry\build\default\intermediates\loader_out\default\ets\sourceMaps.map cache by regenerate.
[2026-04-21T16:54:53.287] [DEBUG] debug-file - Update task entry:default@CollectDebugSymbol input file:F:\Study\kaiyuan\clone\page-redirection-master\entry\build\default\intermediates\libs\default cache by regenerate.
[2026-04-21T16:54:53.287] [DEBUG] debug-file - Update task entry:default@CollectDebugSymbol output file:F:\Study\kaiyuan\clone\page-redirection-master\entry\build\default\outputs\default\symbol cache.
[2026-04-21T16:54:53.288] [DEBUG] debug-file - Incremental task entry:default@CollectDebugSymbol post-execution cost:2 ms .
[2026-04-21T16:54:53.311] [DEBUG] debug-file - Cleanup worker 0.
[2026-04-21T16:54:53.311] [DEBUG] debug-file - Worker 0 has been cleaned up.
[2026-04-21T16:54:53.311] [DEBUG] debug-file - Current idle worker size: 4.
[2026-04-21T16:54:53.311] [DEBUG] debug-file - Current resident worker size: 5.
[2026-04-21T16:54:53.311] [DEBUG] debug-file - Cleanup worker 1.
[2026-04-21T16:54:53.312] [DEBUG] debug-file - Worker 1 has been cleaned up.
[2026-04-21T16:54:53.312] [DEBUG] debug-file - Current idle worker size: 3.
[2026-04-21T16:54:53.312] [DEBUG] debug-file - Current resident worker size: 5.
[2026-04-21T16:54:53.312] [DEBUG] debug-file - Cleanup worker 30.
[2026-04-21T16:54:53.312] [DEBUG] debug-file - Worker 30 has been cleaned up.
[2026-04-21T16:54:53.312] [DEBUG] debug-file - Current idle worker size: 2.
[2026-04-21T16:54:53.312] [DEBUG] debug-file - Current resident worker size: 5.
[2026-04-21T16:54:53.312] [DEBUG] debug-file - Cleanup worker 29.
[2026-04-21T16:54:53.312] [DEBUG] debug-file - Worker 29 has been cleaned up.
[2026-04-21T16:54:53.312] [DEBUG] debug-file - Current idle worker size: 1.
[2026-04-21T16:54:53.312] [DEBUG] debug-file - Current resident worker size: 5.
[2026-04-21T16:54:53.315] [DEBUG] debug-file - session manager: send message to worker process.
[2026-04-21T16:54:53.316] [DEBUG] debug-file - session manager: send message to worker process.
[2026-04-21T16:54:53.313] [DEBUG] debug-file - hvigor build process will be closed.
[2026-04-21T16:54:53.314] [DEBUG] debug-file - java daemon socket close code:1000 reason:close by user
[2026-04-21T16:54:53.315] [DEBUG] debug-file - worker[0] exits with exit code 1.
[2026-04-21T16:54:53.318] [DEBUG] debug-file - worker[1] exits with exit code 1.
[2026-04-21T16:54:53.319] [DEBUG] debug-file - watch worker: worker id should be larger than 0. Nothing will be sent to any worker thread.
[2026-04-21T16:54:53.319] [DEBUG] debug-file - watch worker: worker id should be larger than 0. Nothing will be sent to any worker thread.
[2026-04-21T16:54:53.327] [DEBUG] debug-file - worker[30] exits with exit code 1.
[2026-04-21T16:54:53.328] [DEBUG] debug-file - worker[29] exits with exit code 1.
